<?xml version="1.0" encoding="UTF-8"?>
<!-- Generated by org.testng.reporters.JUnitReportReporter -->
<testsuite hostname="DESKTOP-FRC4SK8" failures="0" tests="3" name="DynamicJson" time="3.456" errors="0" timestamp="2025-10-21T22:52:13 IST" skipped="0">
  <testcase classname="DynamicJson" name="addBook" time="0.725"/>
  <testcase classname="DynamicJson" name="addBook" time="0.185"/>
  <testcase classname="DynamicJson" name="addBook" time="2.546"/>
</testsuite> <!-- DynamicJson -->
