<?xml version="1.0" encoding="UTF-8"?>
<!-- Generated by org.testng.reporters.JUnitReportReporter -->
<testsuite hostname="DESKTOP-FRC4SK8" failures="0" tests="1" name="SumValidation" time="0.952" errors="0" timestamp="2025-10-21T21:42:36 IST" skipped="0">
  <testcase classname="SumValidation" name="sumOfCourses" time="0.952"/>
</testsuite> <!-- SumValidation -->
